Arguments: 
  /home/gitpod/.nvm/versions/node/v14.15.5/bin/node /home/gitpod/.nvm/versions/node/v14.15.5/bin/yarn

PATH: 
  /home/gitpod/.nvm/versions/node/v14.15.5/bin:/home/gitpod/.pyenv/plugins/pyenv-virtualenv/shims:/home/gitpod/.pyenv/shims:/workspace/.cargo/bin:/workspace/.pip-modules/bin:/workspace/.rvm/bin:/home/gitpod/.sdkman/candidates/maven/current/bin:/home/gitpod/.sdkman/candidates/java/current/bin:/home/gitpod/.sdkman/candidates/gradle/current/bin:/home/gitpod/.rvm/gems/ruby-2.6.6/bin:/home/gitpod/.rvm/gems/ruby-2.6.6@global/bin:/home/gitpod/.rvm/rubies/ruby-2.6.6/bin:/home/gitpod/.pyenv/plugins/pyenv-virtualenv/shims:/home/gitpod/.pyenv/shims:/workspace/.cargo/bin:/workspace/.pip-modules/bin:/workspace/.rvm/bin:/ide/bin:/home/gitpod/.pyenv/bin:/home/gitpod/.pyenv/shims:/workspace/go/bin:/home/gitpod/go/bin:/home/gitpod/go-packages/bin:/usr/local/sbin:/usr/local/bin:/usr/sbin:/usr/bin:/sbin:/bin:/home/linuxbrew/.linuxbrew/bin:/home/linuxbrew/.linuxbrew/sbin/:/home/gitpod/.nvm/versions/node/v14.15.5/bin:/home/gitpod/.cargo/bin:/home/gitpod/.rvm/bin

Yarn version: 
  1.22.10

Node version: 
  14.15.5

Platform: 
  linux x64

Trace: 
  SyntaxError: /workspace/up-sdk/package.json: Unexpected token } in JSON at position 254
      at JSON.parse (<anonymous>)
      at /home/gitpod/.nvm/versions/node/v14.15.5/lib/node_modules/yarn/lib/cli.js:1625:59
      at Generator.next (<anonymous>)
      at step (/home/gitpod/.nvm/versions/node/v14.15.5/lib/node_modules/yarn/lib/cli.js:310:30)
      at /home/gitpod/.nvm/versions/node/v14.15.5/lib/node_modules/yarn/lib/cli.js:321:13

npm manifest: 
  {
    "name": "ts-yarn-workspace-demo",
    "version": "1.0.0",
    "main": "index.js",
    "author": "t7yang <t7yang@gmail.com>",
    "license": "MIT",
    "private": true,
    "workspaces": ["packages/*"],
    "scripts": {
      "packages": "yarn workspace packages",
    }
  }

yarn manifest: 
  No manifest

Lockfile: 
  No lockfile
